e:\u\unl\05 - modelos y algoritmos para videojuegos i\unidad 3\actividades\actividad02\actividad01\debug\vc143.pdb
e:\u\unl\05 - modelos y algoritmos para videojuegos i\unidad 3\actividades\actividad02\actividad01\debug\vc143.idb
e:\u\unl\05 - modelos y algoritmos para videojuegos i\unidad 3\actividades\actividad02\actividad01\debug\actividad01.obj
e:\u\unl\05 - modelos y algoritmos para videojuegos i\unidad 3\actividades\actividad02\debug\actividad01.exe
e:\u\unl\05 - modelos y algoritmos para videojuegos i\unidad 3\actividades\actividad02\debug\actividad01.pdb
e:\u\unl\05 - modelos y algoritmos para videojuegos i\unidad 3\actividades\actividad02\actividad01\debug\actividad01.ilk
e:\u\unl\05 - modelos y algoritmos para videojuegos i\unidad 3\unidad 3\actividad02\actividad01\debug\actividad01.obj
e:\u\unl\05 - modelos y algoritmos para videojuegos i\unidad 3\unidad 3\actividad02\actividad01\debug\actividad01.ilk
e:\u\unl\05 - modelos y algoritmos para videojuegos i\unidad 3\unidad 3\actividad02\actividad01\debug\vc143.idb
e:\u\unl\05 - modelos y algoritmos para videojuegos i\unidad 3\unidad 3\actividad02\actividad01\debug\actividad01.pdb
e:\u\unl\05 - modelos y algoritmos para videojuegos i\unidad 3\unidad 3\actividad02\actividad01\debug\vc143.pdb
e:\u\unl\05 - modelos y algoritmos para videojuegos i\unidad 3\unidad 3\actividad02\debug\actividad01.pdb
e:\u\unl\05 - modelos y algoritmos para videojuegos i\unidad 3\unidad 3\actividad02\debug\actividad01.exe
e:\u\unl\05 - modelos y algoritmos para videojuegos i\unidad 3\unidad 3\actividad02\actividad01\debug\actividad01.tlog\cl.command.1.tlog
e:\u\unl\05 - modelos y algoritmos para videojuegos i\unidad 3\unidad 3\actividad02\actividad01\debug\actividad01.tlog\cl.items.tlog
e:\u\unl\05 - modelos y algoritmos para videojuegos i\unidad 3\unidad 3\actividad02\actividad01\debug\actividad01.tlog\cl.read.1.tlog
e:\u\unl\05 - modelos y algoritmos para videojuegos i\unidad 3\unidad 3\actividad02\actividad01\debug\actividad01.tlog\cl.write.1.tlog
e:\u\unl\05 - modelos y algoritmos para videojuegos i\unidad 3\unidad 3\actividad02\actividad01\debug\actividad01.tlog\link.command.1.tlog
e:\u\unl\05 - modelos y algoritmos para videojuegos i\unidad 3\unidad 3\actividad02\actividad01\debug\actividad01.tlog\link.read.1.tlog
e:\u\unl\05 - modelos y algoritmos para videojuegos i\unidad 3\unidad 3\actividad02\actividad01\debug\actividad01.tlog\link.secondary.1.tlog
e:\u\unl\05 - modelos y algoritmos para videojuegos i\unidad 3\unidad 3\actividad02\actividad01\debug\actividad01.tlog\link.write.1.tlog
